<?xml version="1.0" encoding="UTF-8"?>
<!-- Generated by org.testng.reporters.JUnitReportReporter -->
<testsuite hostname="noothannagasai-testngmai-me51j99u4lp" failures="0" tests="12" name="com.lambdatest.Testng1" time="323.526" errors="0" timestamp="09 Feb 2022 05:45:50 GMT" skipped="0">
  <testcase classname="com.lambdatest.Testng1" name="scenarioOne" time="59.094"/>
  <testcase classname="com.lambdatest.Testng1" name="scenarioOne" time="49.777"/>
  <testcase classname="com.lambdatest.Testng1" name="scenarioOne" time="20.531"/>
  <testcase classname="com.lambdatest.Testng1" name="scenarioOne" time="9.528"/>
  <testcase classname="com.lambdatest.Testng1" name="secondScenario" time="26.715"/>
  <testcase classname="com.lambdatest.Testng1" name="secondScenario" time="38.519"/>
  <testcase classname="com.lambdatest.Testng1" name="secondScenario" time="34.800"/>
  <testcase classname="com.lambdatest.Testng1" name="secondScenario" time="20.993"/>
  <testcase classname="com.lambdatest.Testng1" name="thirdScenario" time="14.148"/>
  <testcase classname="com.lambdatest.Testng1" name="thirdScenario" time="13.103"/>
  <testcase classname="com.lambdatest.Testng1" name="thirdScenario" time="8.234"/>
  <testcase classname="com.lambdatest.Testng1" name="thirdScenario" time="28.084"/>
</testsuite> <!-- com.lambdatest.Testng1 -->
