<?xml version="1.0" encoding="UTF-8"?>
<!-- Generated by org.testng.reporters.JUnitReportReporter -->
<testsuite hostname="soumen" failures="0" tests="12" name="testNG.Testng1" time="528.533" errors="0" timestamp="28 Jul 2022 06:24:34 GMT" skipped="0">
  <testcase classname="testNG.Testng1" name="scenarioOne" time="17.696"/>
  <testcase classname="testNG.Testng1" name="scenarioOne" time="17.706"/>
  <testcase classname="testNG.Testng1" name="scenarioOne" time="32.282"/>
  <testcase classname="testNG.Testng1" name="scenarioOne" time="53.705"/>
  <testcase classname="testNG.Testng1" name="secondScenario" time="23.047"/>
  <testcase classname="testNG.Testng1" name="secondScenario" time="24.888"/>
  <testcase classname="testNG.Testng1" name="secondScenario" time="38.648"/>
  <testcase classname="testNG.Testng1" name="secondScenario" time="104.879"/>
  <testcase classname="testNG.Testng1" name="thirdScenario" time="38.704"/>
  <testcase classname="testNG.Testng1" name="thirdScenario" time="59.530"/>
  <testcase classname="testNG.Testng1" name="thirdScenario" time="58.732"/>
  <testcase classname="testNG.Testng1" name="thirdScenario" time="58.716"/>
</testsuite> <!-- testNG.Testng1 -->
